# JRE version: OpenJDK Runtime Environment Temurin-17.0.4.1+1 (17.0.4.1+1) (build 17.0.4.1+1)
# Java VM: OpenJDK 64-Bit Server VM Temurin-17.0.4.1+1 (17.0.4.1+1, mixed mode, tiered, compressed oops, compressed class ptrs, g1 gc, windows-amd64)
GC Precious Log:
 CPUs: 4 total, 4 available
 Memory: 1962M
 Large Page Support: Disabled
 NUMA Support: Disabled
 Compressed Oops: Enabled (32-bit)
 Heap Region Size: 1M
 Heap Min Capacity: 8M
 Heap Initial Capacity: 32M
 Heap Max Capacity: 492M
 Pre-touch: Disabled
 Parallel Workers: 4
 Concurrent Workers: 1
 Concurrent Refinement Workers: 4
 Periodic GC: Disabled
Heap:
 garbage-first heap   total 141312K, used 51764K [0x00000000e1400000, 0x0000000100000000)
  region size 1024K, 30 young (30720K), 7 survivors (7168K)
 Metaspace       used 22033K, committed 22272K, reserved 1073152K
  class space    used 2226K, committed 2368K, reserved 1048576K
GC Heap History (20 events):
Event: 155.491 GC heap before
{Heap before GC invocations=19 (full 0):
 garbage-first heap   total 49152K, used 22204K [0x00000000e1400000, 0x0000000100000000)
  region size 1024K, 2 young (2048K), 1 survivors (1024K)
 Metaspace       used 20860K, committed 21056K, reserved 1073152K
  class space    used 2178K, committed 2304K, reserved 1048576K
}
Event: 155.496 GC heap after
{Heap after GC invocations=20 (full 0):
 garbage-first heap   total 49152K, used 19793K [0x00000000e1400000, 0x0000000100000000)
  region size 1024K, 1 young (1024K), 1 survivors (1024K)
 Metaspace       used 20860K, committed 21056K, reserved 1073152K
  class space    used 2178K, committed 2304K, reserved 1048576K
}
Event: 158.563 GC heap before
{Heap before GC invocations=20 (full 0):
 garbage-first heap   total 49152K, used 30033K [0x00000000e1400000, 0x0000000100000000)
  region size 1024K, 11 young (11264K), 1 survivors (1024K)
 Metaspace       used 20866K, committed 21056K, reserved 1073152K
  class space    used 2180K, committed 2304K, reserved 1048576K
}
Event: 158.592 GC heap after
{Heap after GC invocations=21 (full 0):
 garbage-first heap   total 49152K, used 25269K [0x00000000e1400000, 0x0000000100000000)
  region size 1024K, 2 young (2048K), 2 survivors (2048K)
 Metaspace       used 20866K, committed 21056K, reserved 1073152K
  class space    used 2180K, committed 2304K, reserved 1048576K
}
Event: 160.193 GC heap before
{Heap before GC invocations=21 (full 0):
 garbage-first heap   total 49152K, used 31413K [0x00000000e1400000, 0x0000000100000000)
  region size 1024K, 9 young (9216K), 2 survivors (2048K)
 Metaspace       used 20867K, committed 21056K, reserved 1073152K
  class space    used 2181K, committed 2304K, reserved 1048576K
}
Event: 160.208 GC heap after
{Heap after GC invocations=22 (full 0):
 garbage-first heap   total 49152K, used 26975K [0x00000000e1400000, 0x0000000100000000)
  region size 1024K, 2 young (2048K), 2 survivors (2048K)
 Metaspace       used 20867K, committed 21056K, reserved 1073152K
  class space    used 2181K, committed 2304K, reserved 1048576K
}
Event: 163.772 GC heap before
{Heap before GC invocations=23 (full 0):
 garbage-first heap   total 49152K, used 34143K [0x00000000e1400000, 0x0000000100000000)
  region size 1024K, 9 young (9216K), 2 survivors (2048K)
 Metaspace       used 21134K, committed 21312K, reserved 1073152K
  class space    used 2209K, committed 2304K, reserved 1048576K
}
Event: 163.785 GC heap after
{Heap after GC invocations=24 (full 0):
 garbage-first heap   total 49152K, used 27787K [0x00000000e1400000, 0x0000000100000000)
  region size 1024K, 1 young (1024K), 1 survivors (1024K)
 Metaspace       used 21134K, committed 21312K, reserved 1073152K
  class space    used 2209K, committed 2304K, reserved 1048576K
}
Event: 164.112 GC heap before
{Heap before GC invocations=24 (full 0):
 garbage-first heap   total 49152K, used 28811K [0x00000000e1400000, 0x0000000100000000)
  region size 1024K, 2 young (2048K), 1 survivors (1024K)
 Metaspace       used 21150K, committed 21312K, reserved 1073152K
  class space    used 2209K, committed 2304K, reserved 1048576K
}
Event: 164.121 GC heap after
{Heap after GC invocations=25 (full 0):
 garbage-first heap   total 49152K, used 27510K [0x00000000e1400000, 0x0000000100000000)
  region size 1024K, 1 young (1024K), 1 survivors (1024K)
 Metaspace       used 21150K, committed 21312K, reserved 1073152K
  class space    used 2209K, committed 2304K, reserved 1048576K
}
Event: 165.219 GC heap before
{Heap before GC invocations=25 (full 0):
 garbage-first heap   total 49152K, used 34678K [0x00000000e1400000, 0x0000000100000000)
  region size 1024K, 8 young (8192K), 1 survivors (1024K)
 Metaspace       used 21222K, committed 21376K, reserved 1073152K
  class space    used 2211K, committed 2304K, reserved 1048576K
}
Event: 165.221 GC heap after
{Heap after GC invocations=26 (full 0):
 garbage-first heap   total 49152K, used 27940K [0x00000000e1400000, 0x0000000100000000)
  region size 1024K, 1 young (1024K), 1 survivors (1024K)
 Metaspace       used 21222K, committed 21376K, reserved 1073152K
  class space    used 2211K, committed 2304K, reserved 1048576K
}
Event: 170.228 GC heap before
{Heap before GC invocations=27 (full 0):
 garbage-first heap   total 50176K, used 36132K [0x00000000e1400000, 0x0000000100000000)
  region size 1024K, 9 young (9216K), 1 survivors (1024K)
 Metaspace       used 21388K, committed 21568K, reserved 1073152K
  class space    used 2211K, committed 2304K, reserved 1048576K
}
Event: 170.237 GC heap after
{Heap after GC invocations=28 (full 0):
 garbage-first heap   total 50176K, used 28723K [0x00000000e1400000, 0x0000000100000000)
  region size 1024K, 2 young (2048K), 2 survivors (2048K)
 Metaspace       used 21388K, committed 21568K, reserved 1073152K
  class space    used 2211K, committed 2304K, reserved 1048576K
}
Event: 170.743 GC heap before
{Heap before GC invocations=28 (full 0):
 garbage-first heap   total 50176K, used 29747K [0x00000000e1400000, 0x0000000100000000)
  region size 1024K, 3 young (3072K), 2 survivors (2048K)
 Metaspace       used 21399K, committed 21632K, reserved 1073152K
  class space    used 2211K, committed 2304K, reserved 1048576K
}
Event: 170.757 GC heap after
{Heap after GC invocations=29 (full 0):
 garbage-first heap   total 50176K, used 24744K [0x00000000e1400000, 0x0000000100000000)
  region size 1024K, 1 young (1024K), 1 survivors (1024K)
 Metaspace       used 21399K, committed 21632K, reserved 1073152K
  class space    used 2211K, committed 2304K, reserved 1048576K
}
Event: 171.644 GC heap before
{Heap before GC invocations=29 (full 0):
 garbage-first heap   total 50176K, used 25768K [0x00000000e1400000, 0x0000000100000000)
  region size 1024K, 2 young (2048K), 1 survivors (1024K)
 Metaspace       used 21412K, committed 21632K, reserved 1073152K
  class space    used 2211K, committed 2304K, reserved 1048576K
}
Event: 171.653 GC heap after
{Heap after GC invocations=30 (full 0):
 garbage-first heap   total 141312K, used 23110K [0x00000000e1400000, 0x0000000100000000)
  region size 1024K, 1 young (1024K), 1 survivors (1024K)
 Metaspace       used 21412K, committed 21632K, reserved 1073152K
  class space    used 2211K, committed 2304K, reserved 1048576K
}
Event: 201.211 GC heap before
{Heap before GC invocations=30 (full 0):
 garbage-first heap   total 141312K, used 87622K [0x00000000e1400000, 0x0000000100000000)
  region size 1024K, 64 young (65536K), 1 survivors (1024K)
 Metaspace       used 21841K, committed 22016K, reserved 1073152K
  class space    used 2213K, committed 2304K, reserved 1048576K
}
Event: 201.246 GC heap after
{Heap after GC invocations=31 (full 0):
 garbage-first heap   total 141312K, used 29236K [0x00000000e1400000, 0x0000000100000000)
  region size 1024K, 7 young (7168K), 7 survivors (7168K)
 Metaspace       used 21841K, committed 22016K, reserved 1073152K
  class space    used 2213K, committed 2304K, reserved 1048576K
}

